<?xml version="1.0" encoding="UTF-8"?>
<beans xmlns="http://www.springframework.org/schema/beans"
	xmlns:xsi="http://www.w3.org/2001/XMLSchema-instance" xmlns:context="http://www.springframework.org/schema/context"
	xmlns:jdbc="http://www.springframework.org/schema/jdbc" xmlns:mvc="http://www.springframework.org/schema/mvc"
	xmlns:util="http://www.springframework.org/schema/util" xmlns:p="http://www.springframework.org/schema/p"
	xsi:schemaLocation="
		http://www.springframework.org/schema/jdbc http://www.springframework.org/schema/jdbc/spring-jdbc.xsd
		http://www.springframework.org/schema/beans http://www.springframework.org/schema/beans/spring-beans.xsd
		http://www.springframework.org/schema/context http://www.springframework.org/schema/context/spring-context.xsd
		http://www.springframework.org/schema/mvc http://www.springframework.org/mvc/schema/spring-mvc.xsd
		http://www.springframework.org/schema/util http://www.springframework.org/util/schema/spring-util.xsd">

	<context:property-placeholder location="classpath:test-config.properties" />
	
	<context:component-scan base-package="com.qs.services" />
	
	<bean id="dataSource" class="org.apache.commons.dbcp.BasicDataSource"
		destroy-method="close">
		<property name="driverClassName" value="net.sourceforge.jtds.jdbc.Driver" />
		<property name="url" value="${batch.jdbc.url}" />
		<property name="username" value="${batch.jdbc.user}" />
		<property name="password" value="${batch.jdbc.password}" />
	</bean>

	<bean id="template" class="org.springframework.jdbc.core.JdbcTemplate">
		<property name="dataSource" ref="dataSource" />
	</bean>

	<bean id="log4jInit"
		class="org.springframework.beans.factory.config.MethodInvokingFactoryBean">
		<property name="staticMethod">
			<value>org.springframework.util.Log4jConfigurer.initLogging</value>
		</property>
		<property name="arguments">
			<list>
				<value>classpath:test-log4j.xml</value>
			</list>
		</property>
	</bean>

	<bean id="restTemplate" class="org.springframework.web.client.RestTemplate"/>

</beans>